{
  "base_url": "https://malsori.ancom.duckdns.org",
  "desktop_routes": {
    "/": {
      "status": 200,
      "root_text_length": 569,
      "page_error_count": 0,
      "console_error_count": 0
    },
    "/settings": {
      "status": 200,
      "root_text_length": 3211,
      "page_error_count": 0,
      "console_error_count": 0
    },
    "/realtime": {
      "status": 200,
      "root_text_length": 1179,
      "page_error_count": 0,
      "console_error_count": 0
    },
    "/transcriptions/smoke-detail-empty": {
      "mode": "empty",
      "status": 200,
      "root_text_length": 95,
      "page_error_count": 0,
      "console_error_count": 0,
      "alert_count": 1
    },
    "/transcriptions/smoke-detail-ready": {
      "mode": "ready",
      "status": 200,
      "root_text_length": 1041,
      "page_error_count": 0,
      "console_error_count": 0,
      "card_count": 6
    }
  },
  "mobile": {
    "status": 200,
    "root_text_length": 587,
    "page_error_count": 0,
    "console_error_count": 0,
    "quick_fab_found": true,
    "sticky_cta_found": true,
    "overlap": false
  },
  "checks": {
    "detail_smoke_mode": "empty+ready(seed-indexeddb)",
    "realtime_settings_toggle": {
      "clicked": true
    }
  }
}
UI smoke checks passed for https://malsori.ancom.duckdns.org
